Flow report for textlcd
Mon Dec 05 09:31:21 2022
Quartus II 64-Bit Version 13.0.1 Build 232 06/12/2013 Service Pack 1 SJ Web Edition


---------------------
; Table of Contents ;
---------------------
  1. Legal Notice
  2. Flow Summary
  3. Flow Settings
  4. Flow Non-Default Global Settings
  5. Flow Elapsed Time
  6. Flow OS Summary
  7. Flow Log
  8. Flow Messages
  9. Flow Suppressed Messages



----------------
; Legal Notice ;
----------------
Copyright (C) 1991-2013 Altera Corporation
Your use of Altera Corporation's design tools, logic functions 
and other software and tools, and its AMPP partner logic 
functions, and any output files from any of the foregoing 
(including device programming or simulation files), and any 
associated documentation or information are expressly subject 
to the terms and conditions of the Altera Program License 
Subscription Agreement, Altera MegaCore Function License 
Agreement, or other applicable license agreement, including, 
without limitation, that your use is for the sole purpose of 
programming logic devices manufactured by Altera and sold by 
Altera or its authorized distributors.  Please refer to the 
applicable agreement for further details.



+--------------------------------------------------------------------------------------+
; Flow Summary                                                                         ;
+------------------------------------+-------------------------------------------------+
; Flow Status                        ; Successful - Mon Dec 05 09:31:21 2022           ;
; Quartus II 64-Bit Version          ; 13.0.1 Build 232 06/12/2013 SP 1 SJ Web Edition ;
; Revision Name                      ; textlcd                                         ;
; Top-level Entity Name              ; textlcd                                         ;
; Family                             ; Cyclone IV E                                    ;
; Device                             ; EP4CE115F29C7                                   ;
; Timing Models                      ; Final                                           ;
; Total logic elements               ; 81 / 114,480 ( < 1 % )                          ;
;     Total combinational functions  ; 80 / 114,480 ( < 1 % )                          ;
;     Dedicated logic registers      ; 37 / 114,480 ( < 1 % )                          ;
; Total registers                    ; 37                                              ;
; Total pins                         ; 18 / 529 ( 3 % )                                ;
; Total virtual pins                 ; 0                                               ;
; Total memory bits                  ; 0 / 3,981,312 ( 0 % )                           ;
; Embedded Multiplier 9-bit elements ; 0 / 532 ( 0 % )                                 ;
; Total PLLs                         ; 0 / 4 ( 0 % )                                   ;
+------------------------------------+-------------------------------------------------+


+-----------------------------------------+
; Flow Settings                           ;
+-------------------+---------------------+
; Option            ; Setting             ;
+-------------------+---------------------+
; Start date & time ; 12/05/2022 09:10:25 ;
; Main task         ; Compilation         ;
; Revision Name     ; textlcd             ;
+-------------------+---------------------+


+------------------------------------------------------------------------------------------------------------------+
; Flow Non-Default Global Settings                                                                                 ;
+-------------------------------------+---------------------------------+---------------+-------------+------------+
; Assignment Name                     ; Value                           ; Default Value ; Entity Name ; Section Id ;
+-------------------------------------+---------------------------------+---------------+-------------+------------+
; COMPILER_SIGNATURE_ID               ; 220874698000396.167019902512468 ; --            ; --          ; --         ;
; MAX_CORE_JUNCTION_TEMP              ; 85                              ; --            ; --          ; --         ;
; MIN_CORE_JUNCTION_TEMP              ; 0                               ; --            ; --          ; --         ;
; NOMINAL_CORE_SUPPLY_VOLTAGE         ; 1.2V                            ; --            ; --          ; --         ;
; PARTITION_COLOR                     ; 16764057                        ; --            ; --          ; Top        ;
; PARTITION_FITTER_PRESERVATION_LEVEL ; PLACEMENT_AND_ROUTING           ; --            ; --          ; Top        ;
; PARTITION_NETLIST_TYPE              ; SOURCE                          ; --            ; --          ; Top        ;
; PROJECT_OUTPUT_DIRECTORY            ; output_files                    ; --            ; --          ; --         ;
+-------------------------------------+---------------------------------+---------------+-------------+------------+


+-------------------------------------------------------------------------------------------------------------------------------+
; Flow Elapsed Time                                                                                                             ;
+---------------------------+--------------+-------------------------+---------------------+------------------------------------+
; Module Name               ; Elapsed Time ; Average Processors Used ; Peak Virtual Memory ; Total CPU Time (on all processors) ;
+---------------------------+--------------+-------------------------+---------------------+------------------------------------+
; Analysis & Synthesis      ; 00:00:06     ; 1.0                     ; 4578 MB             ; 00:00:01                           ;
; Fitter                    ; 00:00:50     ; 1.0                     ; 5071 MB             ; 00:00:11                           ;
; Assembler                 ; 00:00:12     ; 1.0                     ; 4555 MB             ; 00:00:03                           ;
; TimeQuest Timing Analyzer ; 00:00:06     ; 1.0                     ; 4665 MB             ; 00:00:01                           ;
; EDA Netlist Writer        ; 00:00:01     ; 1.0                     ; 4515 MB             ; 00:00:00                           ;
; EDA Netlist Writer        ; 00:00:01     ; 1.0                     ; 4531 MB             ; 00:00:00                           ;
; EDA Netlist Writer        ; 00:00:01     ; 1.0                     ; 4515 MB             ; 00:00:00                           ;
; EDA Netlist Writer        ; 00:00:01     ; 1.0                     ; 4531 MB             ; 00:00:00                           ;
; EDA Netlist Writer        ; 00:00:01     ; 1.0                     ; 4515 MB             ; 00:00:00                           ;
; EDA Netlist Writer        ; 00:00:01     ; 1.0                     ; 4531 MB             ; 00:00:00                           ;
; EDA Netlist Writer        ; 00:00:01     ; 1.0                     ; 4515 MB             ; 00:00:00                           ;
; EDA Netlist Writer        ; 00:00:01     ; 1.0                     ; 4531 MB             ; 00:00:00                           ;
; Total                     ; 00:01:22     ; --                      ; --                  ; 00:00:16                           ;
+---------------------------+--------------+-------------------------+---------------------+------------------------------------+


+----------------------------------------------------------------------------------------+
; Flow OS Summary                                                                        ;
+---------------------------+------------------+-----------+------------+----------------+
; Module Name               ; Machine Hostname ; OS Name   ; OS Version ; Processor type ;
+---------------------------+------------------+-----------+------------+----------------+
; Analysis & Synthesis      ; LeeHyunji        ; Windows 7 ; 6.2        ; x86_64         ;
; Fitter                    ; LeeHyunji        ; Windows 7 ; 6.2        ; x86_64         ;
; Assembler                 ; LeeHyunji        ; Windows 7 ; 6.2        ; x86_64         ;
; TimeQuest Timing Analyzer ; LeeHyunji        ; Windows 7 ; 6.2        ; x86_64         ;
; EDA Netlist Writer        ; LeeHyunji        ; Windows 7 ; 6.2        ; x86_64         ;
; EDA Netlist Writer        ; LeeHyunji        ; Windows 7 ; 6.2        ; x86_64         ;
; EDA Netlist Writer        ; LeeHyunji        ; Windows 7 ; 6.2        ; x86_64         ;
; EDA Netlist Writer        ; LeeHyunji        ; Windows 7 ; 6.2        ; x86_64         ;
; EDA Netlist Writer        ; LeeHyunji        ; Windows 7 ; 6.2        ; x86_64         ;
; EDA Netlist Writer        ; LeeHyunji        ; Windows 7 ; 6.2        ; x86_64         ;
; EDA Netlist Writer        ; LeeHyunji        ; Windows 7 ; 6.2        ; x86_64         ;
; EDA Netlist Writer        ; LeeHyunji        ; Windows 7 ; 6.2        ; x86_64         ;
+---------------------------+------------------+-----------+------------+----------------+


------------
; Flow Log ;
------------
quartus_map --read_settings_files=on --write_settings_files=off textlcd -c textlcd
quartus_fit --read_settings_files=off --write_settings_files=off textlcd -c textlcd
quartus_asm --read_settings_files=off --write_settings_files=off textlcd -c textlcd
quartus_sta textlcd -c textlcd
quartus_eda --gen_testbench --check_outputs=on --tool=modelsim_oem --format=verilog textlcd -c textlcd --vector_source=C:/project/textlcd/Waveform.vwf --testbench_file=./simulation/qsim/textlcd.vt
quartus_eda --functional=on --simulation=on --tool=modelsim_oem --format=verilog textlcd -c textlcd
quartus_eda --gen_testbench --check_outputs=on --tool=modelsim_oem --format=verilog textlcd -c textlcd --vector_source=C:/project/textlcd/Waveform.vwf --testbench_file=./simulation/qsim/textlcd.vt
quartus_eda --functional=on --simulation=on --tool=modelsim_oem --format=verilog textlcd -c textlcd
quartus_eda --gen_testbench --check_outputs=on --tool=modelsim_oem --format=verilog textlcd -c textlcd --vector_source=C:/project/textlcd/Waveform.vwf --testbench_file=./simulation/qsim/textlcd.vt
quartus_eda --functional=on --simulation=on --tool=modelsim_oem --format=verilog textlcd -c textlcd
quartus_eda --gen_testbench --check_outputs=on --tool=modelsim_oem --format=verilog textlcd -c textlcd --vector_source=C:/project/textlcd/Waveform.vwf --testbench_file=./simulation/qsim/textlcd.vt
quartus_eda --functional=on --simulation=on --tool=modelsim_oem --format=verilog textlcd -c textlcd



