Analysis & Synthesis report for digital_clock
Fri Dec 09 11:29:34 2022
Quartus II 64-Bit Version 13.0.1 Build 232 06/12/2013 Service Pack 1 SJ Web Edition


---------------------
; Table of Contents ;
---------------------
  1. Legal Notice
  2. Analysis & Synthesis Summary
  3. Analysis & Synthesis Settings
  4. Parallel Compilation
  5. Analysis & Synthesis Source Files Read
  6. Analysis & Synthesis Resource Usage Summary
  7. Analysis & Synthesis Resource Utilization by Entity
  8. General Register Statistics
  9. Inverted Register Statistics
 10. Multiplexer Restructuring Statistics (Restructuring Performed)
 11. Parameter Settings for User Entity Instance: clk_divider_1Hz:u0
 12. Parameter Settings for User Entity Instance: clk_divider_100Hz:u1
 13. Parameter Settings for User Entity Instance: clk_divider_400Hz:u2
 14. Elapsed Time Per Partition
 15. Analysis & Synthesis Messages



----------------
; Legal Notice ;
----------------
Copyright (C) 1991-2013 Altera Corporation
Your use of Altera Corporation's design tools, logic functions 
and other software and tools, and its AMPP partner logic 
functions, and any output files from any of the foregoing 
(including device programming or simulation files), and any 
associated documentation or information are expressly subject 
to the terms and conditions of the Altera Program License 
Subscription Agreement, Altera MegaCore Function License 
Agreement, or other applicable license agreement, including, 
without limitation, that your use is for the sole purpose of 
programming logic devices manufactured by Altera and sold by 
Altera or its authorized distributors.  Please refer to the 
applicable agreement for further details.



+--------------------------------------------------------------------------------------+
; Analysis & Synthesis Summary                                                         ;
+------------------------------------+-------------------------------------------------+
; Analysis & Synthesis Status        ; Successful - Fri Dec 09 11:29:34 2022           ;
; Quartus II 64-Bit Version          ; 13.0.1 Build 232 06/12/2013 SP 1 SJ Web Edition ;
; Revision Name                      ; digital_clock                                   ;
; Top-level Entity Name              ; digital_clock                                   ;
; Family                             ; Cyclone IV E                                    ;
; Total logic elements               ; 384                                             ;
;     Total combinational functions  ; 378                                             ;
;     Dedicated logic registers      ; 155                                             ;
; Total registers                    ; 155                                             ;
; Total pins                         ; 39                                              ;
; Total virtual pins                 ; 0                                               ;
; Total memory bits                  ; 0                                               ;
; Embedded Multiplier 9-bit elements ; 0                                               ;
; Total PLLs                         ; 0                                               ;
+------------------------------------+-------------------------------------------------+


+----------------------------------------------------------------------------------------------------------------------+
; Analysis & Synthesis Settings                                                                                        ;
+----------------------------------------------------------------------------+--------------------+--------------------+
; Option                                                                     ; Setting            ; Default Value      ;
+----------------------------------------------------------------------------+--------------------+--------------------+
; Device                                                                     ; EP4CE115F29C7      ;                    ;
; Top-level entity name                                                      ; digital_clock      ; digital_clock      ;
; Family name                                                                ; Cyclone IV E       ; Cyclone IV GX      ;
; Use smart compilation                                                      ; Off                ; Off                ;
; Enable parallel Assembler and TimeQuest Timing Analyzer during compilation ; On                 ; On                 ;
; Enable compact report table                                                ; Off                ; Off                ;
; Restructure Multiplexers                                                   ; Auto               ; Auto               ;
; Create Debugging Nodes for IP Cores                                        ; Off                ; Off                ;
; Preserve fewer node names                                                  ; On                 ; On                 ;
; Disable OpenCore Plus hardware evaluation                                  ; Off                ; Off                ;
; Verilog Version                                                            ; Verilog_2001       ; Verilog_2001       ;
; VHDL Version                                                               ; VHDL_1993          ; VHDL_1993          ;
; State Machine Processing                                                   ; Auto               ; Auto               ;
; Safe State Machine                                                         ; Off                ; Off                ;
; Extract Verilog State Machines                                             ; On                 ; On                 ;
; Extract VHDL State Machines                                                ; On                 ; On                 ;
; Ignore Verilog initial constructs                                          ; Off                ; Off                ;
; Iteration limit for constant Verilog loops                                 ; 5000               ; 5000               ;
; Iteration limit for non-constant Verilog loops                             ; 250                ; 250                ;
; Add Pass-Through Logic to Inferred RAMs                                    ; On                 ; On                 ;
; Infer RAMs from Raw Logic                                                  ; On                 ; On                 ;
; Parallel Synthesis                                                         ; On                 ; On                 ;
; DSP Block Balancing                                                        ; Auto               ; Auto               ;
; NOT Gate Push-Back                                                         ; On                 ; On                 ;
; Power-Up Don't Care                                                        ; On                 ; On                 ;
; Remove Redundant Logic Cells                                               ; Off                ; Off                ;
; Remove Duplicate Registers                                                 ; On                 ; On                 ;
; Ignore CARRY Buffers                                                       ; Off                ; Off                ;
; Ignore CASCADE Buffers                                                     ; Off                ; Off                ;
; Ignore GLOBAL Buffers                                                      ; Off                ; Off                ;
; Ignore ROW GLOBAL Buffers                                                  ; Off                ; Off                ;
; Ignore LCELL Buffers                                                       ; Off                ; Off                ;
; Ignore SOFT Buffers                                                        ; On                 ; On                 ;
; Limit AHDL Integers to 32 Bits                                             ; Off                ; Off                ;
; Optimization Technique                                                     ; Balanced           ; Balanced           ;
; Carry Chain Length                                                         ; 70                 ; 70                 ;
; Auto Carry Chains                                                          ; On                 ; On                 ;
; Auto Open-Drain Pins                                                       ; On                 ; On                 ;
; Perform WYSIWYG Primitive Resynthesis                                      ; Off                ; Off                ;
; Auto ROM Replacement                                                       ; On                 ; On                 ;
; Auto RAM Replacement                                                       ; On                 ; On                 ;
; Auto DSP Block Replacement                                                 ; On                 ; On                 ;
; Auto Shift Register Replacement                                            ; Auto               ; Auto               ;
; Allow Shift Register Merging across Hierarchies                            ; Auto               ; Auto               ;
; Auto Clock Enable Replacement                                              ; On                 ; On                 ;
; Strict RAM Replacement                                                     ; Off                ; Off                ;
; Allow Synchronous Control Signals                                          ; On                 ; On                 ;
; Force Use of Synchronous Clear Signals                                     ; Off                ; Off                ;
; Auto RAM Block Balancing                                                   ; On                 ; On                 ;
; Auto RAM to Logic Cell Conversion                                          ; Off                ; Off                ;
; Auto Resource Sharing                                                      ; Off                ; Off                ;
; Allow Any RAM Size For Recognition                                         ; Off                ; Off                ;
; Allow Any ROM Size For Recognition                                         ; Off                ; Off                ;
; Allow Any Shift Register Size For Recognition                              ; Off                ; Off                ;
; Use LogicLock Constraints during Resource Balancing                        ; On                 ; On                 ;
; Ignore translate_off and synthesis_off directives                          ; Off                ; Off                ;
; Timing-Driven Synthesis                                                    ; On                 ; On                 ;
; Report Parameter Settings                                                  ; On                 ; On                 ;
; Report Source Assignments                                                  ; On                 ; On                 ;
; Report Connectivity Checks                                                 ; On                 ; On                 ;
; Ignore Maximum Fan-Out Assignments                                         ; Off                ; Off                ;
; Synchronization Register Chain Length                                      ; 2                  ; 2                  ;
; PowerPlay Power Optimization                                               ; Normal compilation ; Normal compilation ;
; HDL message level                                                          ; Level2             ; Level2             ;
; Suppress Register Optimization Related Messages                            ; Off                ; Off                ;
; Number of Removed Registers Reported in Synthesis Report                   ; 5000               ; 5000               ;
; Number of Swept Nodes Reported in Synthesis Report                         ; 5000               ; 5000               ;
; Number of Inverted Registers Reported in Synthesis Report                  ; 100                ; 100                ;
; Clock MUX Protection                                                       ; On                 ; On                 ;
; Auto Gated Clock Conversion                                                ; Off                ; Off                ;
; Block Design Naming                                                        ; Auto               ; Auto               ;
; SDC constraint protection                                                  ; Off                ; Off                ;
; Synthesis Effort                                                           ; Auto               ; Auto               ;
; Shift Register Replacement - Allow Asynchronous Clear Signal               ; On                 ; On                 ;
; Pre-Mapping Resynthesis Optimization                                       ; Off                ; Off                ;
; Analysis & Synthesis Message Level                                         ; Medium             ; Medium             ;
; Disable Register Merging Across Hierarchies                                ; Auto               ; Auto               ;
; Resource Aware Inference For Block RAM                                     ; On                 ; On                 ;
; Synthesis Seed                                                             ; 1                  ; 1                  ;
+----------------------------------------------------------------------------+--------------------+--------------------+


Parallel compilation was disabled, but you have multiple processors available. Enable parallel compilation to reduce compilation time.
+-------------------------------------+
; Parallel Compilation                ;
+----------------------------+--------+
; Processors                 ; Number ;
+----------------------------+--------+
; Number detected on machine ; 5      ;
; Maximum allowed            ; 1      ;
+----------------------------+--------+


+--------------------------------------------------------------------------------------------------------------------------------------------+
; Analysis & Synthesis Source Files Read                                                                                                     ;
+----------------------------------+-----------------+------------------------------+----------------------------------------------+---------+
; File Name with User-Entered Path ; Used in Netlist ; File Type                    ; File Name with Absolute Path                 ; Library ;
+----------------------------------+-----------------+------------------------------+----------------------------------------------+---------+
; digital_clock.v                  ; yes             ; Auto-Found Verilog HDL File  ; C:/project/digital_clock/digital_clock.v     ;         ;
; clk_divider_1hz.v                ; yes             ; Auto-Found Verilog HDL File  ; C:/project/digital_clock/clk_divider_1hz.v   ;         ;
; clk_divider_100hz.v              ; yes             ; Auto-Found Verilog HDL File  ; C:/project/digital_clock/clk_divider_100hz.v ;         ;
; clk_divider_400hz.v              ; yes             ; Auto-Found Verilog HDL File  ; C:/project/digital_clock/clk_divider_400hz.v ;         ;
; btn_edge_detector.v              ; yes             ; Auto-Found Verilog HDL File  ; C:/project/digital_clock/btn_edge_detector.v ;         ;
; pos_shifter.v                    ; yes             ; Auto-Found Verilog HDL File  ; C:/project/digital_clock/pos_shifter.v       ;         ;
; num_mux.v                        ; yes             ; Auto-Found Verilog HDL File  ; C:/project/digital_clock/num_mux.v           ;         ;
; digit_decoder.v                  ; yes             ; Auto-Found Verilog HDL File  ; C:/project/digital_clock/digit_decoder.v     ;         ;
; segment_decoder.v                ; yes             ; Auto-Found Verilog HDL File  ; C:/project/digital_clock/segment_decoder.v   ;         ;
; controller.v                     ; yes             ; Auto-Found Verilog HDL File  ; C:/project/digital_clock/controller.v        ;         ;
+----------------------------------+-----------------+------------------------------+----------------------------------------------+---------+


+------------------------------------------------------------------+
; Analysis & Synthesis Resource Usage Summary                      ;
+---------------------------------------------+--------------------+
; Resource                                    ; Usage              ;
+---------------------------------------------+--------------------+
; Estimated Total logic elements              ; 384                ;
;                                             ;                    ;
; Total combinational functions               ; 378                ;
; Logic element usage by number of LUT inputs ;                    ;
;     -- 4 input functions                    ; 194                ;
;     -- 3 input functions                    ; 48                 ;
;     -- <=2 input functions                  ; 136                ;
;                                             ;                    ;
; Logic elements by mode                      ;                    ;
;     -- normal mode                          ; 285                ;
;     -- arithmetic mode                      ; 93                 ;
;                                             ;                    ;
; Total registers                             ; 155                ;
;     -- Dedicated logic registers            ; 155                ;
;     -- I/O registers                        ; 0                  ;
;                                             ;                    ;
; I/O pins                                    ; 39                 ;
; Embedded Multiplier 9-bit elements          ; 0                  ;
; Maximum fan-out node                        ; SYSTEM_RST_n~input ;
; Maximum fan-out                             ; 167                ;
; Total fan-out                               ; 1847               ;
; Average fan-out                             ; 3.02               ;
+---------------------------------------------+--------------------+


+---------------------------------------------------------------------------------------------------------------------------------------------------------------------------------------------+
; Analysis & Synthesis Resource Utilization by Entity                                                                                                                                         ;
+----------------------------+-------------------+--------------+-------------+--------------+---------+-----------+------+--------------+-------------------------------------+--------------+
; Compilation Hierarchy Node ; LC Combinationals ; LC Registers ; Memory Bits ; DSP Elements ; DSP 9x9 ; DSP 18x18 ; Pins ; Virtual Pins ; Full Hierarchy Name                 ; Library Name ;
+----------------------------+-------------------+--------------+-------------+--------------+---------+-----------+------+--------------+-------------------------------------+--------------+
; |digital_clock             ; 378 (0)           ; 155 (0)      ; 0           ; 0            ; 0       ; 0         ; 39   ; 0            ; |digital_clock                      ; work         ;
;    |btn_edge_detector:u3|  ; 4 (4)             ; 8 (8)        ; 0           ; 0            ; 0       ; 0         ; 0    ; 0            ; |digital_clock|btn_edge_detector:u3 ; work         ;
;    |clk_divider_100Hz:u1|  ; 47 (47)           ; 33 (33)      ; 0           ; 0            ; 0       ; 0         ; 0    ; 0            ; |digital_clock|clk_divider_100Hz:u1 ; work         ;
;    |clk_divider_1Hz:u0|    ; 45 (45)           ; 33 (33)      ; 0           ; 0            ; 0       ; 0         ; 0    ; 0            ; |digital_clock|clk_divider_1Hz:u0   ; work         ;
;    |clk_divider_400Hz:u2|  ; 47 (47)           ; 33 (33)      ; 0           ; 0            ; 0       ; 0         ; 0    ; 0            ; |digital_clock|clk_divider_400Hz:u2 ; work         ;
;    |controller:u8|         ; 182 (182)         ; 45 (45)      ; 0           ; 0            ; 0       ; 0         ; 0    ; 0            ; |digital_clock|controller:u8        ; work         ;
;    |digit_decoder:u6|      ; 16 (16)           ; 0 (0)        ; 0           ; 0            ; 0       ; 0         ; 0    ; 0            ; |digital_clock|digit_decoder:u6     ; work         ;
;    |num_mux:u5|            ; 20 (20)           ; 0 (0)        ; 0           ; 0            ; 0       ; 0         ; 0    ; 0            ; |digital_clock|num_mux:u5           ; work         ;
;    |pos_shifter:u4|        ; 3 (3)             ; 3 (3)        ; 0           ; 0            ; 0       ; 0         ; 0    ; 0            ; |digital_clock|pos_shifter:u4       ; work         ;
;    |segment_decoder:u7|    ; 14 (14)           ; 0 (0)        ; 0           ; 0            ; 0       ; 0         ; 0    ; 0            ; |digital_clock|segment_decoder:u7   ; work         ;
+----------------------------+-------------------+--------------+-------------+--------------+---------+-----------+------+--------------+-------------------------------------+--------------+
Note: For table entries with two numbers listed, the numbers in parentheses indicate the number of resources of the given type used by the specific entity alone. The numbers listed outside of parentheses indicate the total resources of the given type used by the specific entity and all of its sub-entities in the hierarchy.


+------------------------------------------------------+
; General Register Statistics                          ;
+----------------------------------------------+-------+
; Statistic                                    ; Value ;
+----------------------------------------------+-------+
; Total registers                              ; 155   ;
; Number of registers using Synchronous Clear  ; 96    ;
; Number of registers using Synchronous Load   ; 9     ;
; Number of registers using Asynchronous Clear ; 145   ;
; Number of registers using Asynchronous Load  ; 0     ;
; Number of registers using Clock Enable       ; 36    ;
; Number of registers using Preset             ; 0     ;
+----------------------------------------------+-------+


+--------------------------------------------------+
; Inverted Register Statistics                     ;
+----------------------------------------+---------+
; Inverted Register                      ; Fan out ;
+----------------------------------------+---------+
; pos_shifter:u4|o_pos[1]                ; 23      ;
; pos_shifter:u4|o_pos[0]                ; 22      ;
; pos_shifter:u4|o_pos[2]                ; 13      ;
; controller:u8|r_sel_pos[0]             ; 25      ;
; controller:u8|r_sel_pos[2]             ; 24      ;
; controller:u8|r_sel_pos[1]             ; 25      ;
; Total number of inverted registers = 6 ;         ;
+----------------------------------------+---------+


+--------------------------------------------------------------------------------------------------------------------------------------------------------------+
; Multiplexer Restructuring Statistics (Restructuring Performed)                                                                                               ;
+--------------------+-----------+---------------+----------------------+------------------------+------------+------------------------------------------------+
; Multiplexer Inputs ; Bus Width ; Baseline Area ; Area if Restructured ; Saving if Restructured ; Registered ; Example Multiplexer Output                     ;
+--------------------+-----------+---------------+----------------------+------------------------+------------+------------------------------------------------+
; 4:1                ; 8 bits    ; 16 LEs        ; 8 LEs                ; 8 LEs                  ; Yes        ; |digital_clock|controller:u8|o_config_digit[7] ;
; 9:1                ; 3 bits    ; 18 LEs        ; 6 LEs                ; 12 LEs                 ; Yes        ; |digital_clock|controller:u8|o_num0[2]         ;
; 10:1               ; 3 bits    ; 18 LEs        ; 6 LEs                ; 12 LEs                 ; Yes        ; |digital_clock|controller:u8|o_num1[3]         ;
; 11:1               ; 3 bits    ; 21 LEs        ; 6 LEs                ; 15 LEs                 ; Yes        ; |digital_clock|controller:u8|o_num2[2]         ;
; 12:1               ; 3 bits    ; 24 LEs        ; 6 LEs                ; 18 LEs                 ; Yes        ; |digital_clock|controller:u8|o_num3[2]         ;
; 17:1               ; 3 bits    ; 33 LEs        ; 6 LEs                ; 27 LEs                 ; Yes        ; |digital_clock|controller:u8|o_num5[1]         ;
; 17:1               ; 3 bits    ; 33 LEs        ; 6 LEs                ; 27 LEs                 ; Yes        ; |digital_clock|controller:u8|o_num4[2]         ;
; 19:1               ; 3 bits    ; 36 LEs        ; 12 LEs               ; 24 LEs                 ; Yes        ; |digital_clock|controller:u8|o_num7[1]         ;
; 24:1               ; 2 bits    ; 32 LEs        ; 8 LEs                ; 24 LEs                 ; Yes        ; |digital_clock|controller:u8|o_num6[1]         ;
; 9:1                ; 4 bits    ; 24 LEs        ; 24 LEs               ; 0 LEs                  ; No         ; |digital_clock|num_mux:u5|o_num[0]             ;
+--------------------+-----------+---------------+----------------------+------------------------+------------+------------------------------------------------+


+-----------------------------------------------------------------+
; Parameter Settings for User Entity Instance: clk_divider_1Hz:u0 ;
+-------------------+-----------+---------------------------------+
; Parameter Name    ; Value     ; Type                            ;
+-------------------+-----------+---------------------------------+
; FREQ              ; 1         ; Signed Integer                  ;
; SOURCE_CLOCK      ; 100000000 ; Signed Integer                  ;
; SOURCE_CLOCK_HALF ; 50000000  ; Signed Integer                  ;
+-------------------+-----------+---------------------------------+
Note: In order to hide this table in the UI and the text report file, please set the "Show Parameter Settings in Synthesis Report" option in "Analysis and Synthesis Settings -> More Settings" to "Off".


+-------------------------------------------------------------------+
; Parameter Settings for User Entity Instance: clk_divider_100Hz:u1 ;
+-------------------+-----------+-----------------------------------+
; Parameter Name    ; Value     ; Type                              ;
+-------------------+-----------+-----------------------------------+
; FREQ              ; 100       ; Signed Integer                    ;
; SOURCE_CLOCK      ; 100000000 ; Signed Integer                    ;
; SOURCE_CLOCK_HALF ; 50000000  ; Signed Integer                    ;
+-------------------+-----------+-----------------------------------+
Note: In order to hide this table in the UI and the text report file, please set the "Show Parameter Settings in Synthesis Report" option in "Analysis and Synthesis Settings -> More Settings" to "Off".


+-------------------------------------------------------------------+
; Parameter Settings for User Entity Instance: clk_divider_400Hz:u2 ;
+-------------------+-----------+-----------------------------------+
; Parameter Name    ; Value     ; Type                              ;
+-------------------+-----------+-----------------------------------+
; FREQ              ; 400       ; Signed Integer                    ;
; SOURCE_CLOCK      ; 100000000 ; Signed Integer                    ;
; SOURCE_CLOCK_HALF ; 50000000  ; Signed Integer                    ;
+-------------------+-----------+-----------------------------------+
Note: In order to hide this table in the UI and the text report file, please set the "Show Parameter Settings in Synthesis Report" option in "Analysis and Synthesis Settings -> More Settings" to "Off".


+-------------------------------+
; Elapsed Time Per Partition    ;
+----------------+--------------+
; Partition Name ; Elapsed Time ;
+----------------+--------------+
; Top            ; 00:00:01     ;
+----------------+--------------+


+-------------------------------+
; Analysis & Synthesis Messages ;
+-------------------------------+
Info: *******************************************************************
Info: Running Quartus II 64-Bit Analysis & Synthesis
    Info: Version 13.0.1 Build 232 06/12/2013 Service Pack 1 SJ Web Edition
    Info: Processing started: Fri Dec 09 11:29:29 2022
Info: Command: quartus_map --read_settings_files=on --write_settings_files=off digital_clock -c digital_clock
Warning (20028): Parallel compilation is not licensed and has been disabled
Warning (12125): Using design file digital_clock.v, which is not specified as a design file for the current project, but contains definitions for 1 design units and 1 entities in project
    Info (12023): Found entity 1: digital_clock
Info (12127): Elaborating entity "digital_clock" for the top level hierarchy
Warning (12125): Using design file clk_divider_1hz.v, which is not specified as a design file for the current project, but contains definitions for 1 design units and 1 entities in project
    Info (12023): Found entity 1: clk_divider_1Hz
Info (12128): Elaborating entity "clk_divider_1Hz" for hierarchy "clk_divider_1Hz:u0"
Warning (12125): Using design file clk_divider_100hz.v, which is not specified as a design file for the current project, but contains definitions for 1 design units and 1 entities in project
    Info (12023): Found entity 1: clk_divider_100Hz
Info (12128): Elaborating entity "clk_divider_100Hz" for hierarchy "clk_divider_100Hz:u1"
Warning (12125): Using design file clk_divider_400hz.v, which is not specified as a design file for the current project, but contains definitions for 1 design units and 1 entities in project
    Info (12023): Found entity 1: clk_divider_400Hz
Info (12128): Elaborating entity "clk_divider_400Hz" for hierarchy "clk_divider_400Hz:u2"
Warning (12125): Using design file btn_edge_detector.v, which is not specified as a design file for the current project, but contains definitions for 1 design units and 1 entities in project
    Info (12023): Found entity 1: btn_edge_detector
Info (12128): Elaborating entity "btn_edge_detector" for hierarchy "btn_edge_detector:u3"
Warning (12125): Using design file pos_shifter.v, which is not specified as a design file for the current project, but contains definitions for 1 design units and 1 entities in project
    Info (12023): Found entity 1: pos_shifter
Info (12128): Elaborating entity "pos_shifter" for hierarchy "pos_shifter:u4"
Warning (10230): Verilog HDL assignment warning at pos_shifter.v(34): truncated value with size 32 to match size of target (3)
Warning (12125): Using design file num_mux.v, which is not specified as a design file for the current project, but contains definitions for 1 design units and 1 entities in project
    Info (12023): Found entity 1: num_mux
Info (12128): Elaborating entity "num_mux" for hierarchy "num_mux:u5"
Warning (10235): Verilog HDL Always Construct warning at num_mux.v(42): variable "i_num7" is read inside the Always Construct but isn't in the Always Construct's Event Control
Warning (10235): Verilog HDL Always Construct warning at num_mux.v(43): variable "i_num6" is read inside the Always Construct but isn't in the Always Construct's Event Control
Warning (10235): Verilog HDL Always Construct warning at num_mux.v(44): variable "i_num5" is read inside the Always Construct but isn't in the Always Construct's Event Control
Warning (10235): Verilog HDL Always Construct warning at num_mux.v(45): variable "i_num4" is read inside the Always Construct but isn't in the Always Construct's Event Control
Warning (10235): Verilog HDL Always Construct warning at num_mux.v(46): variable "i_num3" is read inside the Always Construct but isn't in the Always Construct's Event Control
Warning (10235): Verilog HDL Always Construct warning at num_mux.v(47): variable "i_num2" is read inside the Always Construct but isn't in the Always Construct's Event Control
Warning (10235): Verilog HDL Always Construct warning at num_mux.v(48): variable "i_num1" is read inside the Always Construct but isn't in the Always Construct's Event Control
Warning (10235): Verilog HDL Always Construct warning at num_mux.v(49): variable "i_num0" is read inside the Always Construct but isn't in the Always Construct's Event Control
Warning (12125): Using design file digit_decoder.v, which is not specified as a design file for the current project, but contains definitions for 1 design units and 1 entities in project
    Info (12023): Found entity 1: digit_decoder
Info (12128): Elaborating entity "digit_decoder" for hierarchy "digit_decoder:u6"
Warning (10235): Verilog HDL Always Construct warning at digit_decoder.v(35): variable "i_config_digit" is read inside the Always Construct but isn't in the Always Construct's Event Control
Warning (10235): Verilog HDL Always Construct warning at digit_decoder.v(36): variable "i_config_digit" is read inside the Always Construct but isn't in the Always Construct's Event Control
Warning (10235): Verilog HDL Always Construct warning at digit_decoder.v(37): variable "i_config_digit" is read inside the Always Construct but isn't in the Always Construct's Event Control
Warning (10235): Verilog HDL Always Construct warning at digit_decoder.v(38): variable "i_config_digit" is read inside the Always Construct but isn't in the Always Construct's Event Control
Warning (10235): Verilog HDL Always Construct warning at digit_decoder.v(39): variable "i_config_digit" is read inside the Always Construct but isn't in the Always Construct's Event Control
Warning (10235): Verilog HDL Always Construct warning at digit_decoder.v(40): variable "i_config_digit" is read inside the Always Construct but isn't in the Always Construct's Event Control
Warning (10235): Verilog HDL Always Construct warning at digit_decoder.v(41): variable "i_config_digit" is read inside the Always Construct but isn't in the Always Construct's Event Control
Warning (10235): Verilog HDL Always Construct warning at digit_decoder.v(42): variable "i_config_digit" is read inside the Always Construct but isn't in the Always Construct's Event Control
Warning (12125): Using design file segment_decoder.v, which is not specified as a design file for the current project, but contains definitions for 1 design units and 1 entities in project
    Info (12023): Found entity 1: segment_decoder
Info (12128): Elaborating entity "segment_decoder" for hierarchy "segment_decoder:u7"
Warning (12125): Using design file controller.v, which is not specified as a design file for the current project, but contains definitions for 1 design units and 1 entities in project
    Info (12023): Found entity 1: controller
Info (12128): Elaborating entity "controller" for hierarchy "controller:u8"
Warning (10230): Verilog HDL assignment warning at controller.v(67): truncated value with size 32 to match size of target (4)
Warning (10230): Verilog HDL assignment warning at controller.v(71): truncated value with size 32 to match size of target (4)
Warning (10230): Verilog HDL assignment warning at controller.v(75): truncated value with size 32 to match size of target (4)
Warning (10230): Verilog HDL assignment warning at controller.v(79): truncated value with size 32 to match size of target (4)
Warning (10230): Verilog HDL assignment warning at controller.v(83): truncated value with size 32 to match size of target (4)
Warning (10230): Verilog HDL assignment warning at controller.v(87): truncated value with size 32 to match size of target (4)
Warning (10230): Verilog HDL assignment warning at controller.v(95): truncated value with size 32 to match size of target (4)
Warning (10230): Verilog HDL assignment warning at controller.v(100): truncated value with size 32 to match size of target (4)
Warning (10230): Verilog HDL assignment warning at controller.v(132): truncated value with size 32 to match size of target (4)
Warning (10230): Verilog HDL assignment warning at controller.v(139): truncated value with size 32 to match size of target (4)
Warning (10230): Verilog HDL assignment warning at controller.v(145): truncated value with size 32 to match size of target (4)
Warning (10230): Verilog HDL assignment warning at controller.v(152): truncated value with size 32 to match size of target (4)
Warning (10230): Verilog HDL assignment warning at controller.v(158): truncated value with size 32 to match size of target (4)
Warning (10230): Verilog HDL assignment warning at controller.v(164): truncated value with size 32 to match size of target (4)
Warning (10230): Verilog HDL assignment warning at controller.v(170): truncated value with size 32 to match size of target (4)
Warning (10230): Verilog HDL assignment warning at controller.v(176): truncated value with size 32 to match size of target (4)
Warning (10230): Verilog HDL assignment warning at controller.v(182): truncated value with size 32 to match size of target (4)
Warning (10230): Verilog HDL assignment warning at controller.v(190): truncated value with size 32 to match size of target (4)
Warning (10230): Verilog HDL assignment warning at controller.v(197): truncated value with size 32 to match size of target (4)
Warning (10230): Verilog HDL assignment warning at controller.v(203): truncated value with size 32 to match size of target (4)
Warning (10230): Verilog HDL assignment warning at controller.v(210): truncated value with size 32 to match size of target (4)
Warning (10230): Verilog HDL assignment warning at controller.v(216): truncated value with size 32 to match size of target (4)
Warning (10230): Verilog HDL assignment warning at controller.v(222): truncated value with size 32 to match size of target (4)
Warning (10230): Verilog HDL assignment warning at controller.v(228): truncated value with size 32 to match size of target (4)
Warning (10230): Verilog HDL assignment warning at controller.v(234): truncated value with size 32 to match size of target (4)
Warning (10230): Verilog HDL assignment warning at controller.v(240): truncated value with size 32 to match size of target (4)
Info (13000): Registers with preset signals will power-up high
Info (13003): DEV_CLRn pin will set, and not reset, register with preset signal due to NOT Gate Push-Back
Warning (13024): Output pins are stuck at VCC or GND
    Warning (13410): Pin "SEG_DP" is stuck at GND
Info (286030): Timing-Driven Synthesis is running
Info (16010): Generating hard_block partition "hard_block:auto_generated_inst"
    Info (16011): Adding 0 node(s), including 0 DDIO, 0 PLL, 0 transceiver and 0 LCELL
Warning (21074): Design contains 16 input pin(s) that do not drive logic
    Warning (15610): No output dependent on input pin "DIP_SW[0]"
    Warning (15610): No output dependent on input pin "DIP_SW[1]"
    Warning (15610): No output dependent on input pin "DIP_SW[2]"
    Warning (15610): No output dependent on input pin "DIP_SW[3]"
    Warning (15610): No output dependent on input pin "DIP_SW[4]"
    Warning (15610): No output dependent on input pin "DIP_SW[5]"
    Warning (15610): No output dependent on input pin "DIP_SW[6]"
    Warning (15610): No output dependent on input pin "DIP_SW[7]"
    Warning (15610): No output dependent on input pin "DIP_SW[8]"
    Warning (15610): No output dependent on input pin "DIP_SW[9]"
    Warning (15610): No output dependent on input pin "DIP_SW[10]"
    Warning (15610): No output dependent on input pin "DIP_SW[11]"
    Warning (15610): No output dependent on input pin "DIP_SW[12]"
    Warning (15610): No output dependent on input pin "DIP_SW[13]"
    Warning (15610): No output dependent on input pin "DIP_SW[14]"
    Warning (15610): No output dependent on input pin "BTN_M"
Info (21057): Implemented 424 device resources after synthesis - the final resource count might be different
    Info (21058): Implemented 23 input pins
    Info (21059): Implemented 16 output pins
    Info (21061): Implemented 385 logic cells
Info: Quartus II 64-Bit Analysis & Synthesis was successful. 0 errors, 73 warnings
    Info: Peak virtual memory: 4588 megabytes
    Info: Processing ended: Fri Dec 09 11:29:34 2022
    Info: Elapsed time: 00:00:05
    Info: Total CPU time (on all processors): 00:00:00


