Analysis & Synthesis report for clock_timer
Wed Dec 21 22:29:29 2022
Quartus II 64-Bit Version 13.0.1 Build 232 06/12/2013 Service Pack 1 SJ Web Edition


---------------------
; Table of Contents ;
---------------------
  1. Legal Notice
  2. Analysis & Synthesis Summary
  3. Analysis & Synthesis Settings
  4. Parallel Compilation
  5. Analysis & Synthesis Messages



----------------
; Legal Notice ;
----------------
Copyright (C) 1991-2013 Altera Corporation
Your use of Altera Corporation's design tools, logic functions 
and other software and tools, and its AMPP partner logic 
functions, and any output files from any of the foregoing 
(including device programming or simulation files), and any 
associated documentation or information are expressly subject 
to the terms and conditions of the Altera Program License 
Subscription Agreement, Altera MegaCore Function License 
Agreement, or other applicable license agreement, including, 
without limitation, that your use is for the sole purpose of 
programming logic devices manufactured by Altera and sold by 
Altera or its authorized distributors.  Please refer to the 
applicable agreement for further details.



+--------------------------------------------------------------------------------------+
; Analysis & Synthesis Summary                                                         ;
+------------------------------------+-------------------------------------------------+
; Analysis & Synthesis Status        ; Failed - Wed Dec 21 22:29:29 2022               ;
; Quartus II 64-Bit Version          ; 13.0.1 Build 232 06/12/2013 SP 1 SJ Web Edition ;
; Revision Name                      ; clock_timer                                     ;
; Top-level Entity Name              ; clock_timer                                     ;
; Family                             ; Cyclone IV E                                    ;
; Total logic elements               ; N/A until Partition Merge                       ;
;     Total combinational functions  ; N/A until Partition Merge                       ;
;     Dedicated logic registers      ; N/A until Partition Merge                       ;
; Total registers                    ; N/A until Partition Merge                       ;
; Total pins                         ; N/A until Partition Merge                       ;
; Total virtual pins                 ; N/A until Partition Merge                       ;
; Total memory bits                  ; N/A until Partition Merge                       ;
; Embedded Multiplier 9-bit elements ; N/A until Partition Merge                       ;
; Total PLLs                         ; N/A until Partition Merge                       ;
+------------------------------------+-------------------------------------------------+


+----------------------------------------------------------------------------------------------------------------------+
; Analysis & Synthesis Settings                                                                                        ;
+----------------------------------------------------------------------------+--------------------+--------------------+
; Option                                                                     ; Setting            ; Default Value      ;
+----------------------------------------------------------------------------+--------------------+--------------------+
; Device                                                                     ; EP4CE115F29C7      ;                    ;
; Top-level entity name                                                      ; clock_timer        ; clock_timer        ;
; Family name                                                                ; Cyclone IV E       ; Cyclone IV GX      ;
; Use smart compilation                                                      ; Off                ; Off                ;
; Enable parallel Assembler and TimeQuest Timing Analyzer during compilation ; On                 ; On                 ;
; Enable compact report table                                                ; Off                ; Off                ;
; Restructure Multiplexers                                                   ; Auto               ; Auto               ;
; Create Debugging Nodes for IP Cores                                        ; Off                ; Off                ;
; Preserve fewer node names                                                  ; On                 ; On                 ;
; Disable OpenCore Plus hardware evaluation                                  ; Off                ; Off                ;
; Verilog Version                                                            ; Verilog_2001       ; Verilog_2001       ;
; VHDL Version                                                               ; VHDL_1993          ; VHDL_1993          ;
; State Machine Processing                                                   ; Auto               ; Auto               ;
; Safe State Machine                                                         ; Off                ; Off                ;
; Extract Verilog State Machines                                             ; On                 ; On                 ;
; Extract VHDL State Machines                                                ; On                 ; On                 ;
; Ignore Verilog initial constructs                                          ; Off                ; Off                ;
; Iteration limit for constant Verilog loops                                 ; 5000               ; 5000               ;
; Iteration limit for non-constant Verilog loops                             ; 250                ; 250                ;
; Add Pass-Through Logic to Inferred RAMs                                    ; On                 ; On                 ;
; Infer RAMs from Raw Logic                                                  ; On                 ; On                 ;
; Parallel Synthesis                                                         ; On                 ; On                 ;
; DSP Block Balancing                                                        ; Auto               ; Auto               ;
; NOT Gate Push-Back                                                         ; On                 ; On                 ;
; Power-Up Don't Care                                                        ; On                 ; On                 ;
; Remove Redundant Logic Cells                                               ; Off                ; Off                ;
; Remove Duplicate Registers                                                 ; On                 ; On                 ;
; Ignore CARRY Buffers                                                       ; Off                ; Off                ;
; Ignore CASCADE Buffers                                                     ; Off                ; Off                ;
; Ignore GLOBAL Buffers                                                      ; Off                ; Off                ;
; Ignore ROW GLOBAL Buffers                                                  ; Off                ; Off                ;
; Ignore LCELL Buffers                                                       ; Off                ; Off                ;
; Ignore SOFT Buffers                                                        ; On                 ; On                 ;
; Limit AHDL Integers to 32 Bits                                             ; Off                ; Off                ;
; Optimization Technique                                                     ; Balanced           ; Balanced           ;
; Carry Chain Length                                                         ; 70                 ; 70                 ;
; Auto Carry Chains                                                          ; On                 ; On                 ;
; Auto Open-Drain Pins                                                       ; On                 ; On                 ;
; Perform WYSIWYG Primitive Resynthesis                                      ; Off                ; Off                ;
; Auto ROM Replacement                                                       ; On                 ; On                 ;
; Auto RAM Replacement                                                       ; On                 ; On                 ;
; Auto DSP Block Replacement                                                 ; On                 ; On                 ;
; Auto Shift Register Replacement                                            ; Auto               ; Auto               ;
; Allow Shift Register Merging across Hierarchies                            ; Auto               ; Auto               ;
; Auto Clock Enable Replacement                                              ; On                 ; On                 ;
; Strict RAM Replacement                                                     ; Off                ; Off                ;
; Allow Synchronous Control Signals                                          ; On                 ; On                 ;
; Force Use of Synchronous Clear Signals                                     ; Off                ; Off                ;
; Auto RAM Block Balancing                                                   ; On                 ; On                 ;
; Auto RAM to Logic Cell Conversion                                          ; Off                ; Off                ;
; Auto Resource Sharing                                                      ; Off                ; Off                ;
; Allow Any RAM Size For Recognition                                         ; Off                ; Off                ;
; Allow Any ROM Size For Recognition                                         ; Off                ; Off                ;
; Allow Any Shift Register Size For Recognition                              ; Off                ; Off                ;
; Use LogicLock Constraints during Resource Balancing                        ; On                 ; On                 ;
; Ignore translate_off and synthesis_off directives                          ; Off                ; Off                ;
; Timing-Driven Synthesis                                                    ; On                 ; On                 ;
; Report Parameter Settings                                                  ; On                 ; On                 ;
; Report Source Assignments                                                  ; On                 ; On                 ;
; Report Connectivity Checks                                                 ; On                 ; On                 ;
; Ignore Maximum Fan-Out Assignments                                         ; Off                ; Off                ;
; Synchronization Register Chain Length                                      ; 2                  ; 2                  ;
; PowerPlay Power Optimization                                               ; Normal compilation ; Normal compilation ;
; HDL message level                                                          ; Level2             ; Level2             ;
; Suppress Register Optimization Related Messages                            ; Off                ; Off                ;
; Number of Removed Registers Reported in Synthesis Report                   ; 5000               ; 5000               ;
; Number of Swept Nodes Reported in Synthesis Report                         ; 5000               ; 5000               ;
; Number of Inverted Registers Reported in Synthesis Report                  ; 100                ; 100                ;
; Clock MUX Protection                                                       ; On                 ; On                 ;
; Auto Gated Clock Conversion                                                ; Off                ; Off                ;
; Block Design Naming                                                        ; Auto               ; Auto               ;
; SDC constraint protection                                                  ; Off                ; Off                ;
; Synthesis Effort                                                           ; Auto               ; Auto               ;
; Shift Register Replacement - Allow Asynchronous Clear Signal               ; On                 ; On                 ;
; Pre-Mapping Resynthesis Optimization                                       ; Off                ; Off                ;
; Analysis & Synthesis Message Level                                         ; Medium             ; Medium             ;
; Disable Register Merging Across Hierarchies                                ; Auto               ; Auto               ;
; Resource Aware Inference For Block RAM                                     ; On                 ; On                 ;
; Synthesis Seed                                                             ; 1                  ; 1                  ;
+----------------------------------------------------------------------------+--------------------+--------------------+


Parallel compilation was disabled, but you have multiple processors available. Enable parallel compilation to reduce compilation time.
+-------------------------------------+
; Parallel Compilation                ;
+----------------------------+--------+
; Processors                 ; Number ;
+----------------------------+--------+
; Number detected on machine ; 16     ;
; Maximum allowed            ; 1      ;
+----------------------------+--------+


+-------------------------------+
; Analysis & Synthesis Messages ;
+-------------------------------+
Info: *******************************************************************
Info: Running Quartus II 64-Bit Analysis & Synthesis
    Info: Version 13.0.1 Build 232 06/12/2013 Service Pack 1 SJ Web Edition
    Info: Processing started: Wed Dec 21 22:29:28 2022
Info: Command: quartus_map --read_settings_files=on --write_settings_files=off clock_timer -c clock_timer
Warning (20028): Parallel compilation is not licensed and has been disabled
Info (12021): Found 1 design units, including 1 entities, in source file clock_timer.v
    Info (12023): Found entity 1: clock_timer
Info (12021): Found 1 design units, including 1 entities, in source file stopwatch.v
    Info (12023): Found entity 1: stopwatch
Info (12021): Found 1 design units, including 1 entities, in source file combination_watch_stopwatch.v
    Info (12023): Found entity 1: combination_watch_stopwatch
Info (12127): Elaborating entity "clock_timer" for the top level hierarchy
Error (10200): Verilog HDL Conditional Statement error at clock_timer.v(15): cannot match operand(s) in the condition to the corresponding edges in the enclosing event control of the always construct File: C:/altera/13.0sp1/clock_timer/clock_timer.v Line: 15
Warning (10240): Verilog HDL Always Construct warning at clock_timer.v(13): inferring latch(es) for variable "point1", which holds its previous value in one or more paths through the always construct
Warning (10230): Verilog HDL assignment warning at clock_timer.v(43): truncated value with size 32 to match size of target (18)
Error (10200): Verilog HDL Conditional Statement error at clock_timer.v(48): cannot match operand(s) in the condition to the corresponding edges in the enclosing event control of the always construct File: C:/altera/13.0sp1/clock_timer/clock_timer.v Line: 48
Warning (10240): Verilog HDL Always Construct warning at clock_timer.v(46): inferring latch(es) for variable "sec1", which holds its previous value in one or more paths through the always construct
Warning (10240): Verilog HDL Always Construct warning at clock_timer.v(46): inferring latch(es) for variable "sec2", which holds its previous value in one or more paths through the always construct
Error (10200): Verilog HDL Conditional Statement error at clock_timer.v(71): cannot match operand(s) in the condition to the corresponding edges in the enclosing event control of the always construct File: C:/altera/13.0sp1/clock_timer/clock_timer.v Line: 71
Warning (10240): Verilog HDL Always Construct warning at clock_timer.v(69): inferring latch(es) for variable "min1", which holds its previous value in one or more paths through the always construct
Warning (10240): Verilog HDL Always Construct warning at clock_timer.v(69): inferring latch(es) for variable "min2", which holds its previous value in one or more paths through the always construct
Error (10200): Verilog HDL Conditional Statement error at clock_timer.v(94): cannot match operand(s) in the condition to the corresponding edges in the enclosing event control of the always construct File: C:/altera/13.0sp1/clock_timer/clock_timer.v Line: 94
Warning (10240): Verilog HDL Always Construct warning at clock_timer.v(92): inferring latch(es) for variable "hour1", which holds its previous value in one or more paths through the always construct
Warning (10240): Verilog HDL Always Construct warning at clock_timer.v(92): inferring latch(es) for variable "hour2", which holds its previous value in one or more paths through the always construct
Info (10041): Inferred latch for "hour2[0]" at clock_timer.v(92)
Info (10041): Inferred latch for "hour2[1]" at clock_timer.v(92)
Info (10041): Inferred latch for "hour1[0]" at clock_timer.v(92)
Info (10041): Inferred latch for "hour1[1]" at clock_timer.v(92)
Info (10041): Inferred latch for "hour1[2]" at clock_timer.v(92)
Info (10041): Inferred latch for "hour1[3]" at clock_timer.v(92)
Info (10041): Inferred latch for "min2[0]" at clock_timer.v(69)
Info (10041): Inferred latch for "min2[1]" at clock_timer.v(69)
Info (10041): Inferred latch for "min2[2]" at clock_timer.v(69)
Info (10041): Inferred latch for "min1[0]" at clock_timer.v(69)
Info (10041): Inferred latch for "min1[1]" at clock_timer.v(69)
Info (10041): Inferred latch for "min1[2]" at clock_timer.v(69)
Info (10041): Inferred latch for "min1[3]" at clock_timer.v(69)
Info (10041): Inferred latch for "sec2[0]" at clock_timer.v(46)
Info (10041): Inferred latch for "sec2[1]" at clock_timer.v(46)
Info (10041): Inferred latch for "sec2[2]" at clock_timer.v(46)
Info (10041): Inferred latch for "sec1[0]" at clock_timer.v(46)
Info (10041): Inferred latch for "sec1[1]" at clock_timer.v(46)
Info (10041): Inferred latch for "sec1[2]" at clock_timer.v(46)
Info (10041): Inferred latch for "sec1[3]" at clock_timer.v(46)
Info (10041): Inferred latch for "point1[0]" at clock_timer.v(13)
Info (10041): Inferred latch for "point1[1]" at clock_timer.v(13)
Info (10041): Inferred latch for "point1[2]" at clock_timer.v(13)
Info (10041): Inferred latch for "point1[3]" at clock_timer.v(13)
Error (12153): Can't elaborate top-level user hierarchy
Error: Quartus II 64-Bit Analysis & Synthesis was unsuccessful. 5 errors, 9 warnings
    Error: Peak virtual memory: 4570 megabytes
    Error: Processing ended: Wed Dec 21 22:29:29 2022
    Error: Elapsed time: 00:00:01
    Error: Total CPU time (on all processors): 00:00:00


